<?xml version="1.0" encoding="UTF-8"?>
<testng-results ignored="0" total="1" passed="1" failed="0" skipped="0">
  <reporter-output>
  </reporter-output>
  <suite started-at="2023-03-14T12:56:14 IST" name="Default suite" finished-at="2023-03-14T12:58:48 IST" duration-ms="154148">
    <groups>
      <group name="cucumber">
        <method signature="AbstractTestNGCucumberTests.runScenario(io.cucumber.testng.PickleWrapper,io.cucumber.testng.FeatureWrapper)[pri:0, instance:com.runner.TestRunner@2d901eb0]" name="runScenario" class="io.cucumber.testng.AbstractTestNGCucumberTests"/>
      </group> <!-- cucumber -->
    </groups>
    <test started-at="2023-03-14T12:56:14 IST" name="Default test" finished-at="2023-03-14T12:58:48 IST" duration-ms="154148">
      <class name="com.runner.TestRunner">
        <test-method is-config="true" signature="setUpClass(org.testng.ITestContext)[pri:0, instance:com.runner.TestRunner@2d901eb0]" started-at="2023-03-14T12:56:14 IST" name="setUpClass" finished-at="2023-03-14T12:56:16 IST" duration-ms="2159" status="PASS">
          <params>
            <param index="0">
              <value>
                <![CDATA[org.testng.TestRunner@76a805b7]]>
              </value>
            </param>
          </params>
          <reporter-output>
          </reporter-output>
        </test-method> <!-- setUpClass -->
        <test-method signature="runScenario(io.cucumber.testng.PickleWrapper,io.cucumber.testng.FeatureWrapper)[pri:0, instance:com.runner.TestRunner@2d901eb0]" started-at="2023-03-14T12:56:16 IST" name="runScenario" description="Runs Cucumber Scenarios" data-provider="scenarios" finished-at="2023-03-14T12:58:48 IST" duration-ms="151718" status="PASS">
          <params>
            <param index="0">
              <value>
                <![CDATA["Login page Validation with invalid credential"]]>
              </value>
            </param>
            <param index="1">
              <value>
                <![CDATA["Validating facebook page"]]>
              </value>
            </param>
          </params>
          <reporter-output>
          </reporter-output>
        </test-method> <!-- runScenario -->
        <test-method is-config="true" signature="tearDownClass()[pri:0, instance:com.runner.TestRunner@2d901eb0]" started-at="2023-03-14T12:58:48 IST" name="tearDownClass" finished-at="2023-03-14T12:58:48 IST" duration-ms="53" status="PASS">
          <reporter-output>
          </reporter-output>
        </test-method> <!-- tearDownClass -->
      </class> <!-- com.runner.TestRunner -->
    </test> <!-- Default test -->
  </suite> <!-- Default suite -->
</testng-results>
